0 info it worked if it ends with ok
1 verbose cli [ '/usr/local/Cellar/node/5.0.0/bin/node',
1 verbose cli   '/usr/local/bin/npm',
1 verbose cli   'publish' ]
2 info using npm@3.5.1
3 info using node@v5.0.0
4 verbose publish [ '.' ]
5 silly cache add args [ '.', null ]
6 verbose cache add spec .
7 silly cache add parsed spec Result {
7 silly cache add   raw: '.',
7 silly cache add   scope: null,
7 silly cache add   name: null,
7 silly cache add   rawSpec: '.',
7 silly cache add   spec: '/Users/jan/Dev/node/macstats',
7 silly cache add   type: 'directory' }
8 verbose addLocalDirectory /Users/jan/.npm/macstats/0.4.0/package.tgz not in flight; packing
9 info lifecycle macstats@0.4.0~prepublish: macstats@0.4.0
10 silly lifecycle macstats@0.4.0~prepublish: no script for prepublish, continuing
11 verbose tar pack [ '/Users/jan/.npm/macstats/0.4.0/package.tgz',
11 verbose tar pack   '/Users/jan/Dev/node/macstats' ]
12 verbose tarball /Users/jan/.npm/macstats/0.4.0/package.tgz
13 verbose folder /Users/jan/Dev/node/macstats
14 verbose addLocalTarball adding from inside cache /Users/jan/.npm/macstats/0.4.0/package.tgz
15 silly cache afterAdd macstats@0.4.0
16 verbose afterAdd /Users/jan/.npm/macstats/0.4.0/package/package.json not in flight; writing
17 verbose afterAdd /Users/jan/.npm/macstats/0.4.0/package/package.json written
18 silly publish { name: 'macstats',
18 silly publish   version: '0.4.0',
18 silly publish   description: 'mac stats in node',
18 silly publish   main: 'index.js',
18 silly publish   scripts:
18 silly publish    { test: 'echo "Error: no test specified" && exit 1',
18 silly publish      install: 'node-gyp rebuild' },
18 silly publish   repository:
18 silly publish    { type: 'git',
18 silly publish      url: 'git+https://github.com/jkuri/macstats.git' },
18 silly publish   keywords: [ 'mac', 'stats', 'apple', 'status', 'battery', 'cpu', 'fan' ],
18 silly publish   author: { name: 'Jan Kuri', email: 'jkuri88@gmail.com' },
18 silly publish   license: 'MIT',
18 silly publish   bugs: { url: 'https://github.com/jkuri/macstatsJS/issues' },
18 silly publish   homepage: 'https://github.com/jkuri/macstats',
18 silly publish   dependencies: { q: '1.4.1' },
18 silly publish   os: [ 'darwin' ],
18 silly publish   engines: { node: '0.12.4' },
18 silly publish   preferGlobal: 'true',
18 silly publish   bin: { macstats: 'bin/macstats' },
18 silly publish   gypfile: true,
18 silly publish   readme: '# macstats\nnode script for you mac stats\n\n## Example output:\n\n```shell\n--- CPU Stats ---\nCPU Temp:        33.75°C\n\n--- Fans Stats ---\nFan 0 speed:     1996 RPM\nFan 1 speed:     2003 RPM\n\n--- Battery Stats ---\nCharged:         82%\nCapacity:        92%\nCycle Count:     692 (69%)\nMax Cycle Count: 1000\nCurrent Charge:  5189 mAh\nMaximum Charge:  6316 mAh\nDesign Capacity: 6900 mAh\nTime Remaining:  6.54 h\nTemperature:     30.06°C\n```\n\n## Installation\n\n```shell\nnpm i macstats -g\n```\n\n## Run\n\n```shell\nmacstats\n```\n\n## Thanks\n\nThanks [Massimiliano Marcon](https://github.com/mmarcon) for SMC C++ code in v8.\n',
18 silly publish   readmeFilename: 'README.md',
18 silly publish   gitHead: '4a1c56ef26c6d8d5e582075038ac45892b9caf00',
18 silly publish   _id: 'macstats@0.4.0',
18 silly publish   _shasum: 'cf635f17b235651330bf9764dc6298116b81d791',
18 silly publish   _from: '.' }
19 verbose getPublishConfig undefined
20 silly mapToRegistry name macstats
21 silly mapToRegistry using default registry
22 silly mapToRegistry registry https://registry.npmjs.org/
23 silly mapToRegistry uri https://registry.npmjs.org/macstats
24 verbose publish registryBase https://registry.npmjs.org/
25 silly publish uploading /Users/jan/.npm/macstats/0.4.0/package.tgz
26 verbose request uri https://registry.npmjs.org/macstats
27 verbose request sending authorization for write operation
28 info attempt registry request try #1 at 9:26:44 AM
29 verbose request using bearer token for auth
30 verbose request id 419709c5df00767f
31 http request PUT https://registry.npmjs.org/macstats
32 http 403 https://registry.npmjs.org/macstats
33 verbose headers { 'content-type': 'application/json',
33 verbose headers   'cache-control': 'max-age=60',
33 verbose headers   'content-length': '95',
33 verbose headers   'accept-ranges': 'bytes',
33 verbose headers   date: 'Sat, 05 Dec 2015 08:26:46 GMT',
33 verbose headers   via: '1.1 varnish',
33 verbose headers   connection: 'keep-alive',
33 verbose headers   'x-served-by': 'cache-lhr6326-LHR',
33 verbose headers   'x-cache': 'MISS',
33 verbose headers   'x-cache-hits': '0',
33 verbose headers   'x-timer': 'S1449304005.414943,VS0,VE1074' }
34 verbose request invalidating /Users/jan/.npm/registry.npmjs.org/macstats on PUT
35 error publish Failed PUT 403
36 verbose stack Error: "You cannot publish over the previously published version 0.4.0." : macstats
36 verbose stack     at makeError (/usr/local/lib/node_modules/npm/node_modules/npm-registry-client/lib/request.js:264:12)
36 verbose stack     at CachingRegistryClient.<anonymous> (/usr/local/lib/node_modules/npm/node_modules/npm-registry-client/lib/request.js:252:14)
36 verbose stack     at Request._callback (/usr/local/lib/node_modules/npm/node_modules/npm-registry-client/lib/request.js:172:14)
36 verbose stack     at Request.self.callback (/usr/local/lib/node_modules/npm/node_modules/request/request.js:198:22)
36 verbose stack     at emitTwo (events.js:87:13)
36 verbose stack     at Request.emit (events.js:172:7)
36 verbose stack     at Request.<anonymous> (/usr/local/lib/node_modules/npm/node_modules/request/request.js:1082:10)
36 verbose stack     at emitOne (events.js:82:20)
36 verbose stack     at Request.emit (events.js:169:7)
36 verbose stack     at IncomingMessage.<anonymous> (/usr/local/lib/node_modules/npm/node_modules/request/request.js:1009:12)
37 verbose statusCode 403
38 verbose pkgid macstats
39 verbose cwd /Users/jan/Dev/node/macstats
40 error Darwin 15.0.0
41 error argv "/usr/local/Cellar/node/5.0.0/bin/node" "/usr/local/bin/npm" "publish"
42 error node v5.0.0
43 error npm  v3.5.1
44 error code E403
45 error "You cannot publish over the previously published version 0.4.0." : macstats
46 error If you need help, you may report this error at:
46 error     <https://github.com/npm/npm/issues>
47 verbose exit [ 1, true ]
